<?xml version="1.0" encoding="UTF-8"?>
<testsuite xmlns:xsi="http://www.w3.org/2001/XMLSchema-instance" xsi:schemaLocation="https://maven.apache.org/surefire/maven-surefire-plugin/xsd/surefire-test-report.xsd" name="services.ProfileServiceTest" time="27.588" tests="1" errors="1" skipped="0" failures="0">
  <properties>
[...]
</properties>
  <testcase name="services.ProfileServiceTest" classname="services.ProfileServiceTest" time="27.588">
    <error type="java.lang.NullPointerException">java.lang.NullPointerException
	at services.ProfileServiceTest.setup(ProfileServiceTest.java:57)
</error>
    <system-out><![CDATA[14:13:21,499 INFO  [org.jboss.modules] (main) JBoss Modules version 1.6.1.Final
14:13:21,768 INFO  [org.jboss.msc] (main) JBoss MSC version 1.2.7.SP1
14:13:21,883 INFO  [org.jboss.as] (MSC service thread 1-8) WFLYSRV0049: WildFly Full 11.0.0.Final (WildFly Core 3.0.8.Final) starting
14:13:22,948 INFO  [org.jboss.as.controller.management-deprecated] (Controller Boot Thread) WFLYCTL0028: Attribute 'security-realm' in the resource at address '/core-service=management/management-interface=http-interface' is deprecated, and may be removed in future version. See the attribute description in the output of the read-resource-description operation to learn more about the deprecation.
14:13:22,963 INFO  [org.wildfly.security] (ServerService Thread Pool -- 13) ELY00001: WildFly Elytron version 1.1.6.Final
14:13:22,963 INFO  [org.jboss.as.controller.management-deprecated] (ServerService Thread Pool -- 17) WFLYCTL0028: Attribute 'security-realm' in the resource at address '/subsystem=undertow/server=default-server/https-listener=https' is deprecated, and may be removed in future version. See the attribute description in the output of the read-resource-description operation to learn more about the deprecation.
14:13:23,032 INFO  [org.jboss.as.server] (Controller Boot Thread) WFLYSRV0039: Creating http management service using socket-binding (management-http)
14:13:23,032 INFO  [org.xnio] (MSC service thread 1-5) XNIO version 3.5.4.Final
14:13:23,048 INFO  [org.xnio.nio] (MSC service thread 1-5) XNIO NIO Implementation Version 3.5.4.Final
14:13:23,095 INFO  [org.jboss.as.connector.subsystems.datasources] (ServerService Thread Pool -- 36) WFLYJCA0004: Deploying JDBC-compliant driver class org.h2.Driver (version 1.4)
14:13:23,119 INFO  [org.jboss.as.connector.subsystems.datasources] (ServerService Thread Pool -- 36) WFLYJCA0005: Deploying non-JDBC-compliant driver class com.mysql.jdbc.Driver (version 5.1)
14:13:23,119 INFO  [org.jboss.as.clustering.infinispan] (ServerService Thread Pool -- 42) WFLYCLINF0001: Activating Infinispan subsystem.
14:13:23,174 INFO  [org.jboss.as.jaxrs] (ServerService Thread Pool -- 43) WFLYRS0016: RESTEasy version 3.0.24.Final
14:13:23,177 INFO  [org.jboss.as.connector] (MSC service thread 1-1) WFLYJCA0009: Starting JCA Subsystem (WildFly/IronJacamar 1.4.6.Final)
14:13:23,192 INFO  [org.jboss.as.connector.deployers.jdbc] (MSC service thread 1-2) WFLYJCA0018: Started Driver service with driver-name = h2
14:13:23,193 INFO  [org.jboss.as.connector.deployers.jdbc] (MSC service thread 1-2) WFLYJCA0018: Started Driver service with driver-name = mysql
14:13:23,308 INFO  [org.jboss.as.jsf] (ServerService Thread Pool -- 48) WFLYJSF0007: Activated the following JSF Implementations: [main]
14:13:23,317 INFO  [org.jboss.as.naming] (ServerService Thread Pool -- 50) WFLYNAM0001: Activating Naming Subsystem
14:13:23,329 WARN  [org.jboss.as.txn] (ServerService Thread Pool -- 58) WFLYTX0013: The node-identifier attribute on the /subsystem=transactions is set to the default value. This is a danger for environments running multiple servers. Please make sure the attribute value is unique.
14:13:23,345 INFO  [org.jboss.as.security] (ServerService Thread Pool -- 57) WFLYSEC0002: Activating Security Subsystem
14:13:23,349 INFO  [org.jboss.as.webservices] (ServerService Thread Pool -- 60) WFLYWS0002: Activating WebServices Extension
14:13:23,359 INFO  [org.jboss.as.security] (MSC service thread 1-4) WFLYSEC0001: Current PicketBox version=5.0.2.Final
14:13:23,389 INFO  [org.wildfly.extension.undertow] (MSC service thread 1-3) WFLYUT0003: Undertow 1.4.18.Final starting
14:13:23,397 INFO  [org.jboss.as.naming] (MSC service thread 1-4) WFLYNAM0003: Starting Naming Service
14:13:23,403 INFO  [org.jboss.as.mail.extension] (MSC service thread 1-2) WFLYMAIL0001: Bound mail session [java:jboss/mail/Default]
14:13:23,506 INFO  [org.wildfly.extension.undertow] (ServerService Thread Pool -- 59) WFLYUT0014: Creating file handler for path 'C:\Program Files\wildfly-11.0.0.Final/welcome-content' with options [directory-listing: 'false', follow-symlink: 'false', case-sensitive: 'true', safe-symlink-paths: '[]']
14:13:23,783 INFO  [org.wildfly.extension.io] (ServerService Thread Pool -- 41) WFLYIO001: Worker 'default' has auto-configured to 16 core threads with 128 task threads based on your 8 available processors
14:13:23,783 INFO  [org.jboss.as.ejb3] (MSC service thread 1-4) WFLYEJB0481: Strict pool slsb-strict-max-pool is using a max instance size of 128 (per class), which is derived from thread worker pool sizing.
14:13:23,783 INFO  [org.jboss.as.ejb3] (MSC service thread 1-1) WFLYEJB0482: Strict pool mdb-strict-max-pool is using a max instance size of 32 (per class), which is derived from the number of CPUs on this host.
14:13:23,868 INFO  [org.jboss.remoting] (MSC service thread 1-4) JBoss Remoting version 5.0.5.Final
14:13:23,924 INFO  [org.jboss.as.patching] (MSC service thread 1-1) WFLYPAT0050: WildFly Full cumulative patch ID is: base, one-off patches include: none
14:13:23,924 INFO  [org.wildfly.extension.undertow] (MSC service thread 1-2) WFLYUT0012: Started server default-server.
14:13:23,924 INFO  [org.wildfly.extension.undertow] (MSC service thread 1-5) WFLYUT0018: Host default-host starting
14:13:23,940 WARN  [org.jboss.as.domain.management.security] (MSC service thread 1-5) WFLYDM0111: Keystore C:\Program Files\wildfly-11.0.0.Final\standalone\configuration\application.keystore not found, it will be auto generated on first use with a self signed certificate for host localhost
14:13:23,961 INFO  [org.jboss.as.server.deployment.scanner] (MSC service thread 1-4) WFLYDS0013: Started FileSystemDeploymentService for directory C:\Program Files\wildfly-11.0.0.Final\standalone\deployments
14:13:23,996 INFO  [org.wildfly.extension.undertow] (MSC service thread 1-2) WFLYUT0006: Undertow HTTP listener default listening on 127.0.0.1:8080
14:13:24,036 INFO  [org.jboss.as.ejb3] (MSC service thread 1-8) WFLYEJB0493: EJB subsystem suspension complete
14:13:24,329 INFO  [org.jboss.as.connector.subsystems.datasources] (MSC service thread 1-2) WFLYJCA0001: Bound data source [java:/KwetterDB]
14:13:24,329 INFO  [org.jboss.as.connector.subsystems.datasources] (MSC service thread 1-3) WFLYJCA0001: Bound data source [java:jboss/datasources/ExampleDS]
14:13:24,329 INFO  [org.jboss.as.connector.subsystems.datasources] (MSC service thread 1-7) WFLYJCA0001: Bound data source [java:/Kwetter_Test_DB]
14:13:24,523 INFO  [org.wildfly.extension.undertow] (MSC service thread 1-6) WFLYUT0006: Undertow HTTPS listener https listening on 127.0.0.1:8443
14:13:24,588 INFO  [org.jboss.ws.common.management] (MSC service thread 1-5) JBWS022052: Starting JBossWS 5.1.9.Final (Apache CXF 3.1.12) 
14:13:24,651 INFO  [org.jboss.as.server] (Controller Boot Thread) WFLYSRV0212: Resuming server
14:13:24,653 INFO  [org.jboss.as] (Controller Boot Thread) WFLYSRV0060: Http management interface listening on http://127.0.0.1:9990/management
14:13:24,653 INFO  [org.jboss.as] (Controller Boot Thread) WFLYSRV0051: Admin console listening on http://127.0.0.1:9990
14:13:24,654 INFO  [org.jboss.as] (Controller Boot Thread) WFLYSRV0025: WildFly Full 11.0.0.Final (WildFly Core 3.0.8.Final) started in 3486ms - Started 305 of 566 services (349 services are lazy, passive or on-demand)
14:13:25,736 INFO  [org.jboss.as.repository] (management-handler-thread - 3) WFLYDR0001: Content added at location C:\Program Files\wildfly-11.0.0.Final\standalone\data\content\10\c53b5798318fe30d3f21b5e0552d824ea86feb\content
14:13:25,740 INFO  [org.jboss.as.server.deployment] (MSC service thread 1-3) WFLYSRV0027: Starting deployment of "test.war" (runtime-name: "test.war")
14:13:35,693 INFO  [org.jboss.as.jpa] (MSC service thread 1-4) WFLYJPA0002: Read persistence.xml for kwetterTestPU
14:13:35,773 INFO  [org.jboss.as.jpa] (ServerService Thread Pool -- 63) WFLYJPA0010: Starting Persistence Unit (phase 1 of 2) Service 'test.war#kwetterTestPU'
14:13:35,795 INFO  [org.hibernate.jpa.internal.util.LogHelper] (ServerService Thread Pool -- 63) HHH000204: Processing PersistenceUnitInfo [
	name: kwetterTestPU
	...]
14:13:35,842 INFO  [org.jboss.weld.deployer] (MSC service thread 1-1) WFLYWELD0003: Processing weld deployment test.war
14:13:35,883 INFO  [org.hibernate.Version] (ServerService Thread Pool -- 63) HHH000412: Hibernate Core {5.1.10.Final}
14:13:35,886 INFO  [org.hibernate.cfg.Environment] (ServerService Thread Pool -- 63) HHH000206: hibernate.properties not found
14:13:35,889 INFO  [org.hibernate.cfg.Environment] (ServerService Thread Pool -- 63) HHH000021: Bytecode provider name : javassist
14:13:35,910 INFO  [org.hibernate.validator.internal.util.Version] (MSC service thread 1-1) HV000001: Hibernate Validator 5.3.5.Final
14:13:35,926 INFO  [org.hibernate.annotations.common.Version] (ServerService Thread Pool -- 63) HCANN000001: Hibernate Commons Annotations {5.0.1.Final}
14:13:35,977 INFO  [org.jboss.as.ejb3.deployment] (MSC service thread 1-1) WFLYEJB0473: JNDI bindings for session bean named 'KweetServiceImpl' in deployment unit 'deployment "test.war"' are as follows:

	java:global/test/KweetServiceImpl!services.KweetService
	java:app/test/KweetServiceImpl!services.KweetService
	java:module/KweetServiceImpl!services.KweetService
	java:global/test/KweetServiceImpl
	java:app/test/KweetServiceImpl
	java:module/KweetServiceImpl

14:13:35,977 INFO  [org.jboss.as.ejb3.deployment] (MSC service thread 1-1) WFLYEJB0473: JNDI bindings for session bean named 'KweetDaoImpl' in deployment unit 'deployment "test.war"' are as follows:

	java:global/test/KweetDaoImpl!dao.KweetDao
	java:app/test/KweetDaoImpl!dao.KweetDao
	java:module/KweetDaoImpl!dao.KweetDao
	java:global/test/KweetDaoImpl
	java:app/test/KweetDaoImpl
	java:module/KweetDaoImpl

14:13:35,977 INFO  [org.jboss.as.ejb3.deployment] (MSC service thread 1-1) WFLYEJB0473: JNDI bindings for session bean named 'ProfileServiceImpl' in deployment unit 'deployment "test.war"' are as follows:

	java:global/test/ProfileServiceImpl!services.ProfileService
	java:app/test/ProfileServiceImpl!services.ProfileService
	java:module/ProfileServiceImpl!services.ProfileService
	java:global/test/ProfileServiceImpl
	java:app/test/ProfileServiceImpl
	java:module/ProfileServiceImpl

14:13:35,977 INFO  [org.jboss.as.ejb3.deployment] (MSC service thread 1-1) WFLYEJB0473: JNDI bindings for session bean named 'ProfileDaoImpl' in deployment unit 'deployment "test.war"' are as follows:

	java:global/test/ProfileDaoImpl!dao.ProfileDao
	java:app/test/ProfileDaoImpl!dao.ProfileDao
	java:module/ProfileDaoImpl!dao.ProfileDao
	java:global/test/ProfileDaoImpl
	java:app/test/ProfileDaoImpl
	java:module/ProfileDaoImpl

14:13:35,977 INFO  [org.jboss.as.ejb3.deployment] (MSC service thread 1-1) WFLYEJB0473: JNDI bindings for session bean named 'AuthenticationServiceImpl' in deployment unit 'deployment "test.war"' are as follows:

	java:global/test/AuthenticationServiceImpl!services.AuthenticationService
	java:app/test/AuthenticationServiceImpl!services.AuthenticationService
	java:module/AuthenticationServiceImpl!services.AuthenticationService
	java:global/test/AuthenticationServiceImpl
	java:app/test/AuthenticationServiceImpl
	java:module/AuthenticationServiceImpl

14:13:36,172 INFO  [org.infinispan.factories.GlobalComponentRegistry] (MSC service thread 1-2) ISPN000128: Infinispan version: Infinispan 'Chakra' 8.2.8.Final
14:13:36,250 INFO  [org.jboss.weld.Version] (MSC service thread 1-1) WELD-000900: 2.4.3 (Final)
14:13:36,432 INFO  [org.jboss.as.jpa] (ServerService Thread Pool -- 18) WFLYJPA0010: Starting Persistence Unit (phase 2 of 2) Service 'test.war#kwetterTestPU'
14:13:36,463 INFO  [org.jboss.as.clustering.infinispan] (ServerService Thread Pool -- 63) WFLYCLINF0002: Started client-mappings cache from ejb container
14:13:39,632 ERROR [stderr] (ServerService Thread Pool -- 18) Mon Mar 12 14:13:39 CET 2018 WARN: Establishing SSL connection without server's identity verification is not recommended. According to MySQL 5.5.45+, 5.6.26+ and 5.7.6+ requirements SSL connection must be established by default if explicit option isn't set. For compliance with existing applications not using SSL the verifyServerCertificate property is set to 'false'. You need either to explicitly disable SSL by setting useSSL=false, or set useSSL=true and provide truststore for server certificate verification.
14:13:39,766 WARN  [org.jboss.jca.core.connectionmanager.pool.strategy.OnePool] (ServerService Thread Pool -- 18) IJ000407: No lazy enlistment available for Kwetter_Test_DB
14:13:39,782 INFO  [org.hibernate.dialect.Dialect] (ServerService Thread Pool -- 18) HHH000400: Using dialect: org.hibernate.dialect.MySQL5Dialect
14:13:39,803 INFO  [org.hibernate.envers.boot.internal.EnversServiceImpl] (ServerService Thread Pool -- 18) Envers integration enabled? : true
14:13:42,176 INFO  [org.hibernate.tool.schema.internal.SchemaCreatorImpl] (ServerService Thread Pool -- 18) HHH000476: Executing import script 'org.hibernate.tool.schema.internal.exec.ScriptSourceInputNonExistentImpl@70280582'
14:13:42,180 INFO  [org.hibernate.hql.internal.QueryTranslatorFactoryInitiator] (ServerService Thread Pool -- 18) HHH000397: Using ASTQueryTranslatorFactory
14:13:43,188 INFO  [org.jboss.resteasy.resteasy_jaxrs.i18n] (ServerService Thread Pool -- 9) RESTEASY002225: Deploying javax.ws.rs.core.Application: class rest.KwetterApplication$Proxy$_$$_WeldClientProxy
14:13:43,246 INFO  [org.wildfly.extension.undertow] (ServerService Thread Pool -- 9) WFLYUT0021: Registered web context: '/test' for server 'default-server'
14:13:43,344 INFO  [org.jboss.as.server] (management-handler-thread - 3) WFLYSRV0010: Deployed "test.war" (runtime-name : "test.war")
14:13:43,999 INFO  [org.wildfly.extension.undertow] (ServerService Thread Pool -- 9) WFLYUT0022: Unregistered web context: '/test' from server 'default-server'
14:13:44,040 INFO  [org.jboss.as.jpa] (ServerService Thread Pool -- 3) WFLYJPA0011: Stopping Persistence Unit (phase 2 of 2) Service 'test.war#kwetterTestPU'
14:13:44,044 INFO  [org.jboss.as.jpa] (ServerService Thread Pool -- 3) WFLYJPA0011: Stopping Persistence Unit (phase 1 of 2) Service 'test.war#kwetterTestPU'
14:13:46,975 INFO  [org.jboss.as.server.deployment] (MSC service thread 1-2) WFLYSRV0028: Stopped deployment test.war (runtime-name: test.war) in 2984ms
14:13:47,024 INFO  [org.jboss.as.repository] (management-handler-thread - 3) WFLYDR0002: Content removed from location C:\Program Files\wildfly-11.0.0.Final\standalone\data\content\10\c53b5798318fe30d3f21b5e0552d824ea86feb\content
14:13:47,025 INFO  [org.jboss.as.server] (management-handler-thread - 3) WFLYSRV0009: Undeployed "test.war" (runtime-name: "test.war")
]]></system-out>
    <system-err><![CDATA[Mar 12, 2018 2:13:20 PM org.jboss.as.arquillian.container.managed.ManagedDeployableContainer startInternal
INFO: Starting container with: ["C:\Program Files\Java\jdk1.8.0_161\bin\java", -Xmx512m, -XX:MaxPermSize=256m, -ea, -Djboss.home.dir=C:\Program Files\wildfly-11.0.0.Final, -Dorg.jboss.boot.log.file=C:\Program Files\wildfly-11.0.0.Final\standalone\log\server.log, -Dlogging.configuration=file:/C:/Program%20Files/wildfly-11.0.0.Final/standalone/configuration/logging.properties, -Djboss.bundles.dir=C:\Program Files\wildfly-11.0.0.Final\bundles, -jar, C:\Program Files\wildfly-11.0.0.Final\jboss-modules.jar, -mp, C:\Program Files\wildfly-11.0.0.Final\modules, org.jboss.as.standalone, -server-config, standalone.xml]
Mar 12, 2018 2:13:20 PM org.xnio.Xnio <clinit>
INFO: XNIO version 3.3.0.Final
Mar 12, 2018 2:13:21 PM org.xnio.nio.NioXnio <clinit>
INFO: XNIO NIO Implementation Version 3.3.0.Final
Mar 12, 2018 2:13:21 PM org.jboss.remoting3.EndpointImpl <clinit>
INFO: JBoss Remoting version 4.0.7.Final
]]></system-err>
  </testcase>
</testsuite>